[INFO] 16:14:18:982 log_metricas_programa/(15245:15257): El programa con PID 13 tiene los siguientes hilos en estos estados: 

[INFO] 16:14:18:986 log_metricas_programa/(15245:15257): NEW---> 0 hilos

[INFO] 16:14:18:988 log_metricas_programa/(15245:15257): READY---> 1 hilos

[INFO] 16:14:18:992 log_metricas_programa/(15245:15257): EXECUTE---> 1 hilos

[INFO] 16:14:18:997 log_metricas_programa/(15245:15257): BLOCKED---> 0 hilos

[INFO] 16:14:18:2 log_metricas_programa/(15245:15257): El programa con PID 12 tiene los siguientes hilos en estos estados: 

[INFO] 16:14:19:10 log_metricas_programa/(15245:15257): NEW---> 0 hilos

[INFO] 16:14:19:11 log_metricas_programa/(15245:15257): READY---> 2 hilos

[INFO] 16:14:19:14 log_metricas_programa/(15245:15257): EXECUTE---> 0 hilos

[INFO] 16:14:19:19 log_metricas_programa/(15245:15257): BLOCKED---> 2 hilos

[INFO] 16:14:19:108 log_metricas_programa/(15245:15262): El programa con PID 13 tiene los siguientes hilos en estos estados: 

[INFO] 16:14:19:112 log_metricas_programa/(15245:15262): NEW---> 0 hilos

[INFO] 16:14:19:113 log_metricas_programa/(15245:15262): READY---> 1 hilos

[INFO] 16:14:19:117 log_metricas_programa/(15245:15262): EXECUTE---> 0 hilos

[INFO] 16:14:19:121 log_metricas_programa/(15245:15262): BLOCKED---> 0 hilos

[INFO] 16:14:19:122 log_metricas_programa/(15245:15262): El programa con PID 12 tiene los siguientes hilos en estos estados: 

[INFO] 16:14:19:123 log_metricas_programa/(15245:15262): NEW---> 0 hilos

[INFO] 16:14:19:125 log_metricas_programa/(15245:15262): READY---> 2 hilos

[INFO] 16:14:19:128 log_metricas_programa/(15245:15262): EXECUTE---> 1 hilos

[INFO] 16:14:19:130 log_metricas_programa/(15245:15262): BLOCKED---> 1 hilos

[INFO] 16:14:19:180 log_metricas_programa/(15245:15257): El programa con PID 13 tiene los siguientes hilos en estos estados: 

[INFO] 16:14:19:181 log_metricas_programa/(15245:15257): NEW---> 0 hilos

[INFO] 16:14:19:185 log_metricas_programa/(15245:15257): READY---> 0 hilos

[INFO] 16:14:19:186 log_metricas_programa/(15245:15257): EXECUTE---> 1 hilos

[INFO] 16:14:19:188 log_metricas_programa/(15245:15257): BLOCKED---> 0 hilos

[INFO] 16:14:19:190 log_metricas_programa/(15245:15257): El programa con PID 12 tiene los siguientes hilos en estos estados: 

[INFO] 16:14:19:191 log_metricas_programa/(15245:15257): NEW---> 0 hilos

[INFO] 16:14:19:192 log_metricas_programa/(15245:15257): READY---> 2 hilos

[INFO] 16:14:19:192 log_metricas_programa/(15245:15257): EXECUTE---> 0 hilos

[INFO] 16:14:19:193 log_metricas_programa/(15245:15257): BLOCKED---> 1 hilos

[INFO] 16:14:19:228 log_metricas_programa/(15245:15262): El programa con PID 13 tiene los siguientes hilos en estos estados: 

[INFO] 16:14:19:229 log_metricas_programa/(15245:15262): NEW---> 0 hilos

[INFO] 16:14:19:230 log_metricas_programa/(15245:15262): READY---> 0 hilos

[INFO] 16:14:19:231 log_metricas_programa/(15245:15262): EXECUTE---> 0 hilos

[INFO] 16:14:19:234 log_metricas_programa/(15245:15262): BLOCKED---> 0 hilos

[INFO] 16:14:19:234 log_metricas_programa/(15245:15262): El programa con PID 12 tiene los siguientes hilos en estos estados: 

[INFO] 16:14:19:235 log_metricas_programa/(15245:15262): NEW---> 0 hilos

[INFO] 16:14:19:239 log_metricas_programa/(15245:15262): READY---> 1 hilos

[INFO] 16:14:19:241 log_metricas_programa/(15245:15262): EXECUTE---> 1 hilos

[INFO] 16:14:19:244 log_metricas_programa/(15245:15262): BLOCKED---> 1 hilos

[INFO] 16:14:19:298 log_metricas_programa/(15245:15257): El programa con PID 13 tiene los siguientes hilos en estos estados: 

[INFO] 16:14:19:300 log_metricas_programa/(15245:15257): NEW---> 0 hilos

[INFO] 16:14:19:301 log_metricas_programa/(15245:15257): READY---> 0 hilos

[INFO] 16:14:19:303 log_metricas_programa/(15245:15257): EXECUTE---> 0 hilos

[INFO] 16:14:19:303 log_metricas_programa/(15245:15257): BLOCKED---> 0 hilos

[INFO] 16:14:19:304 log_metricas_programa/(15245:15257): El programa con PID 12 tiene los siguientes hilos en estos estados: 

[INFO] 16:14:19:312 log_metricas_programa/(15245:15257): NEW---> 0 hilos

[INFO] 16:14:19:313 log_metricas_programa/(15245:15257): READY---> 1 hilos

[INFO] 16:14:19:313 log_metricas_programa/(15245:15257): EXECUTE---> 0 hilos

[INFO] 16:14:19:314 log_metricas_programa/(15245:15257): BLOCKED---> 1 hilos

[INFO] 16:14:19:369 log_metricas_programa/(15245:15257): El programa con PID 13 tiene los siguientes hilos en estos estados: 

[INFO] 16:14:19:370 log_metricas_programa/(15245:15257): NEW---> 0 hilos

[INFO] 16:14:19:371 log_metricas_programa/(15245:15257): READY---> 0 hilos

[INFO] 16:14:19:372 log_metricas_programa/(15245:15257): EXECUTE---> 0 hilos

[INFO] 16:14:19:372 log_metricas_programa/(15245:15257): BLOCKED---> 0 hilos

[INFO] 16:14:19:373 log_metricas_programa/(15245:15257): El programa con PID 12 tiene los siguientes hilos en estos estados: 

[INFO] 16:14:19:374 log_metricas_programa/(15245:15257): NEW---> 0 hilos

[INFO] 16:14:19:375 log_metricas_programa/(15245:15257): READY---> 0 hilos

[INFO] 16:14:19:376 log_metricas_programa/(15245:15257): EXECUTE---> 0 hilos

[INFO] 16:14:19:377 log_metricas_programa/(15245:15257): BLOCKED---> 1 hilos

[INFO] 16:14:19:431 log_metricas_programa/(15245:15257): El programa con PID 13 tiene los siguientes hilos en estos estados: 

[INFO] 16:14:19:432 log_metricas_programa/(15245:15257): NEW---> 0 hilos

[INFO] 16:14:19:436 log_metricas_programa/(15245:15257): READY---> 0 hilos

[INFO] 16:14:19:437 log_metricas_programa/(15245:15257): EXECUTE---> 0 hilos

[INFO] 16:14:19:438 log_metricas_programa/(15245:15257): BLOCKED---> 0 hilos

[INFO] 16:14:19:439 log_metricas_programa/(15245:15257): El programa con PID 12 tiene los siguientes hilos en estos estados: 

[INFO] 16:14:19:440 log_metricas_programa/(15245:15257): NEW---> 0 hilos

[INFO] 16:14:19:441 log_metricas_programa/(15245:15257): READY---> 0 hilos

[INFO] 16:14:19:441 log_metricas_programa/(15245:15257): EXECUTE---> 0 hilos

[INFO] 16:14:19:442 log_metricas_programa/(15245:15257): BLOCKED---> 0 hilos

[INFO] 16:14:34:170 log_metricas_programa/(15245:15251): El programa con PID 14 tiene los siguientes hilos en estos estados: 

[INFO] 16:14:34:173 log_metricas_programa/(15245:15251): NEW---> 0 hilos

[INFO] 16:14:34:175 log_metricas_programa/(15245:15251): READY---> 4 hilos

[INFO] 16:14:34:180 log_metricas_programa/(15245:15251): EXECUTE---> 1 hilos

[INFO] 16:14:34:181 log_metricas_programa/(15245:15251): BLOCKED---> 0 hilos

[INFO] 16:14:34:183 log_metricas_programa/(15245:15251): El programa con PID 13 tiene los siguientes hilos en estos estados: 

[INFO] 16:14:34:187 log_metricas_programa/(15245:15251): NEW---> 0 hilos

[INFO] 16:14:34:188 log_metricas_programa/(15245:15251): READY---> 0 hilos

[INFO] 16:14:34:189 log_metricas_programa/(15245:15251): EXECUTE---> 0 hilos

[INFO] 16:14:34:192 log_metricas_programa/(15245:15251): BLOCKED---> 0 hilos

[INFO] 16:14:34:197 log_metricas_programa/(15245:15251): El programa con PID 12 tiene los siguientes hilos en estos estados: 

[INFO] 16:14:34:198 log_metricas_programa/(15245:15251): NEW---> 0 hilos

[INFO] 16:14:34:202 log_metricas_programa/(15245:15251): READY---> 0 hilos

[INFO] 16:14:34:205 log_metricas_programa/(15245:15251): EXECUTE---> 0 hilos

[INFO] 16:14:34:206 log_metricas_programa/(15245:15251): BLOCKED---> 0 hilos

[INFO] 16:15:16:384 log_metricas_programa/(15245:15271): El programa con PID 14 tiene los siguientes hilos en estos estados: 

[INFO] 16:15:16:385 log_metricas_programa/(15245:15271): NEW---> 0 hilos

[INFO] 16:15:16:386 log_metricas_programa/(15245:15271): READY---> 4 hilos

[INFO] 16:15:16:387 log_metricas_programa/(15245:15271): EXECUTE---> 0 hilos

[INFO] 16:15:16:388 log_metricas_programa/(15245:15271): BLOCKED---> 0 hilos

[INFO] 16:15:16:389 log_metricas_programa/(15245:15271): El programa con PID 13 tiene los siguientes hilos en estos estados: 

[INFO] 16:15:16:390 log_metricas_programa/(15245:15271): NEW---> 0 hilos

[INFO] 16:15:16:390 log_metricas_programa/(15245:15271): READY---> 0 hilos

[INFO] 16:15:16:391 log_metricas_programa/(15245:15271): EXECUTE---> 0 hilos

[INFO] 16:15:16:392 log_metricas_programa/(15245:15271): BLOCKED---> 0 hilos

[INFO] 16:15:16:393 log_metricas_programa/(15245:15271): El programa con PID 12 tiene los siguientes hilos en estos estados: 

[INFO] 16:15:16:394 log_metricas_programa/(15245:15271): NEW---> 0 hilos

[INFO] 16:15:16:394 log_metricas_programa/(15245:15271): READY---> 0 hilos

[INFO] 16:15:16:395 log_metricas_programa/(15245:15271): EXECUTE---> 0 hilos

[INFO] 16:15:16:396 log_metricas_programa/(15245:15271): BLOCKED---> 0 hilos

[INFO] 16:15:44:356 log_metricas_programa/(15245:15251): El programa con PID 14 tiene los siguientes hilos en estos estados: 

[INFO] 16:15:44:357 log_metricas_programa/(15245:15251): NEW---> 0 hilos

[INFO] 16:15:44:361 log_metricas_programa/(15245:15251): READY---> 3 hilos

[INFO] 16:15:44:362 log_metricas_programa/(15245:15251): EXECUTE---> 0 hilos

[INFO] 16:15:44:363 log_metricas_programa/(15245:15251): BLOCKED---> 1 hilos

[INFO] 16:15:44:364 log_metricas_programa/(15245:15251): El programa con PID 13 tiene los siguientes hilos en estos estados: 

[INFO] 16:15:44:370 log_metricas_programa/(15245:15251): NEW---> 0 hilos

[INFO] 16:15:44:371 log_metricas_programa/(15245:15251): READY---> 0 hilos

[INFO] 16:15:44:375 log_metricas_programa/(15245:15251): EXECUTE---> 0 hilos

[INFO] 16:15:44:379 log_metricas_programa/(15245:15251): BLOCKED---> 0 hilos

[INFO] 16:15:44:380 log_metricas_programa/(15245:15251): El programa con PID 12 tiene los siguientes hilos en estos estados: 

[INFO] 16:15:44:381 log_metricas_programa/(15245:15251): NEW---> 0 hilos

[INFO] 16:15:44:386 log_metricas_programa/(15245:15251): READY---> 0 hilos

[INFO] 16:15:44:386 log_metricas_programa/(15245:15251): EXECUTE---> 0 hilos

[INFO] 16:15:44:388 log_metricas_programa/(15245:15251): BLOCKED---> 0 hilos

[INFO] 16:15:54:1 log_metricas_programa/(15245:15271): El programa con PID 14 tiene los siguientes hilos en estos estados: 

[INFO] 16:15:54:2 log_metricas_programa/(15245:15271): NEW---> 0 hilos

[INFO] 16:15:54:3 log_metricas_programa/(15245:15271): READY---> 2 hilos

[INFO] 16:15:55:4 log_metricas_programa/(15245:15271): EXECUTE---> 0 hilos

[INFO] 16:15:55:5 log_metricas_programa/(15245:15271): BLOCKED---> 1 hilos

[INFO] 16:15:55:5 log_metricas_programa/(15245:15271): El programa con PID 13 tiene los siguientes hilos en estos estados: 

[INFO] 16:15:55:6 log_metricas_programa/(15245:15271): NEW---> 0 hilos

[INFO] 16:15:55:7 log_metricas_programa/(15245:15271): READY---> 0 hilos

[INFO] 16:15:55:8 log_metricas_programa/(15245:15271): EXECUTE---> 0 hilos

[INFO] 16:15:55:9 log_metricas_programa/(15245:15271): BLOCKED---> 0 hilos

[INFO] 16:15:55:9 log_metricas_programa/(15245:15271): El programa con PID 12 tiene los siguientes hilos en estos estados: 

[INFO] 16:15:55:10 log_metricas_programa/(15245:15271): NEW---> 0 hilos

[INFO] 16:15:55:11 log_metricas_programa/(15245:15271): READY---> 0 hilos

[INFO] 16:15:55:12 log_metricas_programa/(15245:15271): EXECUTE---> 0 hilos

[INFO] 16:15:55:14 log_metricas_programa/(15245:15271): BLOCKED---> 0 hilos

[INFO] 16:16:05:544 log_metricas_programa/(15245:15271): El programa con PID 14 tiene los siguientes hilos en estos estados: 

[INFO] 16:16:05:545 log_metricas_programa/(15245:15271): NEW---> 0 hilos

[INFO] 16:16:05:546 log_metricas_programa/(15245:15271): READY---> 1 hilos

[INFO] 16:16:05:547 log_metricas_programa/(15245:15271): EXECUTE---> 0 hilos

[INFO] 16:16:05:548 log_metricas_programa/(15245:15271): BLOCKED---> 1 hilos

[INFO] 16:16:05:549 log_metricas_programa/(15245:15271): El programa con PID 13 tiene los siguientes hilos en estos estados: 

[INFO] 16:16:05:551 log_metricas_programa/(15245:15271): NEW---> 0 hilos

[INFO] 16:16:05:552 log_metricas_programa/(15245:15271): READY---> 0 hilos

[INFO] 16:16:05:553 log_metricas_programa/(15245:15271): EXECUTE---> 0 hilos

[INFO] 16:16:05:556 log_metricas_programa/(15245:15271): BLOCKED---> 0 hilos

[INFO] 16:16:05:557 log_metricas_programa/(15245:15271): El programa con PID 12 tiene los siguientes hilos en estos estados: 

[INFO] 16:16:05:559 log_metricas_programa/(15245:15271): NEW---> 0 hilos

[INFO] 16:16:05:559 log_metricas_programa/(15245:15271): READY---> 0 hilos

[INFO] 16:16:05:560 log_metricas_programa/(15245:15271): EXECUTE---> 0 hilos

[INFO] 16:16:05:561 log_metricas_programa/(15245:15271): BLOCKED---> 0 hilos

[INFO] 16:16:05:617 log_metricas_programa/(15245:15271): El programa con PID 14 tiene los siguientes hilos en estos estados: 

[INFO] 16:16:05:630 log_metricas_programa/(15245:15271): NEW---> 0 hilos

[INFO] 16:16:05:631 log_metricas_programa/(15245:15271): READY---> 1 hilos

[INFO] 16:16:05:632 log_metricas_programa/(15245:15271): EXECUTE---> 0 hilos

[INFO] 16:16:05:633 log_metricas_programa/(15245:15271): BLOCKED---> 0 hilos

[INFO] 16:16:05:633 log_metricas_programa/(15245:15271): El programa con PID 13 tiene los siguientes hilos en estos estados: 

[INFO] 16:16:05:634 log_metricas_programa/(15245:15271): NEW---> 0 hilos

[INFO] 16:16:05:636 log_metricas_programa/(15245:15271): READY---> 0 hilos

[INFO] 16:16:05:637 log_metricas_programa/(15245:15271): EXECUTE---> 0 hilos

[INFO] 16:16:05:638 log_metricas_programa/(15245:15271): BLOCKED---> 0 hilos

[INFO] 16:16:05:639 log_metricas_programa/(15245:15271): El programa con PID 12 tiene los siguientes hilos en estos estados: 

[INFO] 16:16:05:640 log_metricas_programa/(15245:15271): NEW---> 0 hilos

[INFO] 16:16:05:644 log_metricas_programa/(15245:15271): READY---> 0 hilos

[INFO] 16:16:05:645 log_metricas_programa/(15245:15271): EXECUTE---> 0 hilos

[INFO] 16:16:05:651 log_metricas_programa/(15245:15271): BLOCKED---> 0 hilos

