[INFO] 12:26:41:339 SAC_Servidor/(13134:13134): Leimos el config: config.config

[INFO] 12:26:41:736 SAC_Servidor/(13134:13134): Levantamos el servidor

[INFO] 12:26:41:739 SAC_Servidor/(13134:13134): Servidor listo para recibir un cliente

[INFO] 12:26:55:676 SAC_Servidor/(13134:13134): Recibimos un cliente

[INFO] 12:26:55:686 SAC_Servidor/(13134:13166): Recibimos una conexion

[INFO] 12:26:55:690 SAC_Servidor/(13134:13134): Recibimos un cliente

[INFO] 12:26:55:693 SAC_Servidor/(13134:13166): Terminamos el request

[INFO] 12:26:55:694 SAC_Servidor/(13134:13166): Se desconecto el cliente

[INFO] 12:26:55:695 SAC_Servidor/(13134:13134): Recibimos un cliente

[INFO] 12:26:55:696 SAC_Servidor/(13134:13169): Recibimos una conexion

[INFO] 12:26:55:696 SAC_Servidor/(13134:13169): Terminamos el request

[INFO] 12:26:55:698 SAC_Servidor/(13134:13169): Se desconecto el cliente

[INFO] 12:26:55:700 SAC_Servidor/(13134:13134): Recibimos un cliente

[INFO] 12:26:55:701 SAC_Servidor/(13134:13170): Recibimos una conexion

[INFO] 12:26:55:708 SAC_Servidor/(13134:13170): Terminamos el request

[INFO] 12:26:55:708 SAC_Servidor/(13134:13170): Se desconecto el cliente

[INFO] 12:26:55:712 SAC_Servidor/(13134:13172): Recibimos una conexion

[INFO] 12:26:55:714 SAC_Servidor/(13134:13134): Recibimos un cliente

[INFO] 12:26:55:717 SAC_Servidor/(13134:13172): Terminamos el request

[INFO] 12:26:55:717 SAC_Servidor/(13134:13172): Se desconecto el cliente

[INFO] 12:26:55:718 SAC_Servidor/(13134:13173): Recibimos una conexion

[INFO] 12:26:55:719 SAC_Servidor/(13134:13134): Recibimos un cliente

[INFO] 12:26:55:721 SAC_Servidor/(13134:13173): Terminamos el request

[INFO] 12:26:55:721 SAC_Servidor/(13134:13173): Se desconecto el cliente

[INFO] 12:26:55:723 SAC_Servidor/(13134:13174): Recibimos una conexion

[INFO] 12:26:55:723 SAC_Servidor/(13134:13134): Recibimos un cliente

[INFO] 12:26:55:725 SAC_Servidor/(13134:13174): Terminamos el request

[INFO] 12:26:55:725 SAC_Servidor/(13134:13174): Se desconecto el cliente

[INFO] 12:26:55:728 SAC_Servidor/(13134:13175): Recibimos una conexion

[INFO] 12:26:57:871 SAC_Servidor/(13134:13175): Terminamos el request

[INFO] 12:26:57:872 SAC_Servidor/(13134:13134): Recibimos un cliente

[INFO] 12:26:57:880 SAC_Servidor/(13134:13178): Recibimos una conexion

[INFO] 12:26:57:886 SAC_Servidor/(13134:13134): Recibimos un cliente

[INFO] 12:26:57:887 SAC_Servidor/(13134:13178): Terminamos el request

[INFO] 12:26:57:888 SAC_Servidor/(13134:13178): Se desconecto el cliente

[INFO] 12:26:57:896 SAC_Servidor/(13134:13179): Recibimos una conexion

[INFO] 12:26:57:898 SAC_Servidor/(13134:13134): Recibimos un cliente

[INFO] 12:26:57:904 SAC_Servidor/(13134:13179): Terminamos el request

[INFO] 12:26:57:904 SAC_Servidor/(13134:13179): Se desconecto el cliente

[INFO] 12:26:57:906 SAC_Servidor/(13134:13134): Recibimos un cliente

[INFO] 12:26:57:907 SAC_Servidor/(13134:13180): Recibimos una conexion

[INFO] 12:26:57:911 SAC_Servidor/(13134:13181): Recibimos una conexion

[INFO] 12:26:57:911 SAC_Servidor/(13134:13134): Recibimos un cliente

[INFO] 12:26:57:912 SAC_Servidor/(13134:13181): Terminamos el request

[INFO] 12:26:57:912 SAC_Servidor/(13134:13181): Se desconecto el cliente

[INFO] 12:26:57:916 SAC_Servidor/(13134:13182): Recibimos una conexion

[INFO] 12:26:57:919 SAC_Servidor/(13134:13134): Recibimos un cliente

[INFO] 12:26:57:920 SAC_Servidor/(13134:13182): Terminamos el request

[INFO] 12:26:57:920 SAC_Servidor/(13134:13182): Se desconecto el cliente

[INFO] 12:26:57:923 SAC_Servidor/(13134:13183): Recibimos una conexion

[INFO] 12:26:58:903 SAC_Servidor/(13134:13180): Se desconecto el cliente

[INFO] 12:26:58:904 SAC_Servidor/(13134:13183): Terminamos el request

[INFO] 12:26:58:906 SAC_Servidor/(13134:13134): Recibimos un cliente

[INFO] 12:26:58:908 SAC_Servidor/(13134:13186): Recibimos una conexion

[INFO] 12:26:58:920 SAC_Servidor/(13134:13134): Recibimos un cliente

[INFO] 12:26:58:921 SAC_Servidor/(13134:13186): Terminamos el request

[INFO] 12:26:58:921 SAC_Servidor/(13134:13186): Se desconecto el cliente

[INFO] 12:26:58:922 SAC_Servidor/(13134:13187): Recibimos una conexion

[INFO] 12:26:58:924 SAC_Servidor/(13134:13134): Recibimos un cliente

[INFO] 12:26:58:925 SAC_Servidor/(13134:13187): Terminamos el request

[INFO] 12:26:58:926 SAC_Servidor/(13134:13187): Se desconecto el cliente

[INFO] 12:26:58:930 SAC_Servidor/(13134:13134): Recibimos un cliente

[INFO] 12:26:58:933 SAC_Servidor/(13134:13188): Recibimos una conexion

[INFO] 12:26:58:934 SAC_Servidor/(13134:13189): Recibimos una conexion

[INFO] 12:26:58:935 SAC_Servidor/(13134:13134): Recibimos un cliente

[INFO] 12:26:58:935 SAC_Servidor/(13134:13189): Terminamos el request

[INFO] 12:26:58:935 SAC_Servidor/(13134:13189): Se desconecto el cliente

[INFO] 12:26:58:937 SAC_Servidor/(13134:13190): Recibimos una conexion

[INFO] 12:26:58:938 SAC_Servidor/(13134:13134): Recibimos un cliente

[INFO] 12:26:58:938 SAC_Servidor/(13134:13190): Terminamos el request

[INFO] 12:26:58:938 SAC_Servidor/(13134:13190): Se desconecto el cliente

[INFO] 12:26:58:942 SAC_Servidor/(13134:13191): Recibimos una conexion

[INFO] 12:26:59:248 SAC_Servidor/(13134:13188): Se desconecto el cliente

[INFO] 12:26:59:250 SAC_Servidor/(13134:13191): Terminamos el request

[INFO] 12:26:59:251 SAC_Servidor/(13134:13134): Recibimos un cliente

[INFO] 12:26:59:263 SAC_Servidor/(13134:13194): Recibimos una conexion

[INFO] 12:26:59:264 SAC_Servidor/(13134:13134): Recibimos un cliente

[INFO] 12:26:59:264 SAC_Servidor/(13134:13194): Terminamos el request

[INFO] 12:26:59:264 SAC_Servidor/(13134:13194): Se desconecto el cliente

[INFO] 12:26:59:267 SAC_Servidor/(13134:13195): Recibimos una conexion

[INFO] 12:26:59:269 SAC_Servidor/(13134:13134): Recibimos un cliente

[INFO] 12:26:59:269 SAC_Servidor/(13134:13195): Terminamos el request

[INFO] 12:26:59:269 SAC_Servidor/(13134:13195): Se desconecto el cliente

[INFO] 12:26:59:270 SAC_Servidor/(13134:13134): Recibimos un cliente

[INFO] 12:26:59:271 SAC_Servidor/(13134:13196): Recibimos una conexion

[INFO] 12:26:59:274 SAC_Servidor/(13134:13197): Recibimos una conexion

[INFO] 12:26:59:275 SAC_Servidor/(13134:13134): Recibimos un cliente

[INFO] 12:26:59:278 SAC_Servidor/(13134:13197): Terminamos el request

[INFO] 12:26:59:278 SAC_Servidor/(13134:13197): Se desconecto el cliente

[INFO] 12:26:59:282 SAC_Servidor/(13134:13198): Recibimos una conexion

[INFO] 12:26:59:283 SAC_Servidor/(13134:13134): Recibimos un cliente

[INFO] 12:26:59:283 SAC_Servidor/(13134:13198): Terminamos el request

[INFO] 12:26:59:283 SAC_Servidor/(13134:13198): Se desconecto el cliente

[INFO] 12:26:59:285 SAC_Servidor/(13134:13199): Recibimos una conexion

[INFO] 12:26:59:564 SAC_Servidor/(13134:13196): Se desconecto el cliente

[INFO] 12:26:59:566 SAC_Servidor/(13134:13199): Terminamos el request

[INFO] 12:26:59:567 SAC_Servidor/(13134:13134): Recibimos un cliente

[INFO] 12:26:59:575 SAC_Servidor/(13134:13202): Recibimos una conexion

[INFO] 12:26:59:578 SAC_Servidor/(13134:13134): Recibimos un cliente

[INFO] 12:26:59:579 SAC_Servidor/(13134:13202): Terminamos el request

[INFO] 12:26:59:579 SAC_Servidor/(13134:13202): Se desconecto el cliente

[INFO] 12:26:59:581 SAC_Servidor/(13134:13203): Recibimos una conexion

[INFO] 12:26:59:582 SAC_Servidor/(13134:13134): Recibimos un cliente

[INFO] 12:26:59:582 SAC_Servidor/(13134:13203): Terminamos el request

[INFO] 12:26:59:582 SAC_Servidor/(13134:13203): Se desconecto el cliente

[INFO] 12:26:59:586 SAC_Servidor/(13134:13134): Recibimos un cliente

[INFO] 12:26:59:586 SAC_Servidor/(13134:13204): Recibimos una conexion

[INFO] 12:26:59:588 SAC_Servidor/(13134:13205): Recibimos una conexion

[INFO] 12:26:59:594 SAC_Servidor/(13134:13134): Recibimos un cliente

[INFO] 12:26:59:596 SAC_Servidor/(13134:13205): Terminamos el request

[INFO] 12:26:59:596 SAC_Servidor/(13134:13205): Se desconecto el cliente

[INFO] 12:26:59:597 SAC_Servidor/(13134:13206): Recibimos una conexion

[INFO] 12:26:59:598 SAC_Servidor/(13134:13134): Recibimos un cliente

[INFO] 12:26:59:599 SAC_Servidor/(13134:13206): Terminamos el request

[INFO] 12:26:59:599 SAC_Servidor/(13134:13206): Se desconecto el cliente

[INFO] 12:26:59:602 SAC_Servidor/(13134:13207): Recibimos una conexion

[INFO] 12:27:00:23 SAC_Servidor/(13134:13204): Se desconecto el cliente

[INFO] 12:27:00:24 SAC_Servidor/(13134:13207): Terminamos el request

[INFO] 12:27:00:25 SAC_Servidor/(13134:13134): Recibimos un cliente

[INFO] 12:27:00:31 SAC_Servidor/(13134:13210): Recibimos una conexion

[INFO] 12:27:00:32 SAC_Servidor/(13134:13134): Recibimos un cliente

[INFO] 12:27:00:33 SAC_Servidor/(13134:13210): Terminamos el request

[INFO] 12:27:00:33 SAC_Servidor/(13134:13210): Se desconecto el cliente

[INFO] 12:27:00:39 SAC_Servidor/(13134:13211): Recibimos una conexion

[INFO] 12:27:00:40 SAC_Servidor/(13134:13134): Recibimos un cliente

[INFO] 12:27:00:41 SAC_Servidor/(13134:13211): Terminamos el request

[INFO] 12:27:00:41 SAC_Servidor/(13134:13211): Se desconecto el cliente

[INFO] 12:27:00:42 SAC_Servidor/(13134:13134): Recibimos un cliente

[INFO] 12:27:00:43 SAC_Servidor/(13134:13212): Recibimos una conexion

[INFO] 12:27:00:46 SAC_Servidor/(13134:13213): Recibimos una conexion

[INFO] 12:27:00:47 SAC_Servidor/(13134:13134): Recibimos un cliente

[INFO] 12:27:00:49 SAC_Servidor/(13134:13213): Terminamos el request

[INFO] 12:27:00:49 SAC_Servidor/(13134:13213): Se desconecto el cliente

[INFO] 12:27:00:62 SAC_Servidor/(13134:13214): Recibimos una conexion

[INFO] 12:27:00:63 SAC_Servidor/(13134:13134): Recibimos un cliente

[INFO] 12:27:00:64 SAC_Servidor/(13134:13214): Terminamos el request

[INFO] 12:27:00:65 SAC_Servidor/(13134:13214): Se desconecto el cliente

[INFO] 12:27:00:66 SAC_Servidor/(13134:13215): Recibimos una conexion

[INFO] 12:27:00:339 SAC_Servidor/(13134:13215): Terminamos el request

[INFO] 12:27:00:340 SAC_Servidor/(13134:13212): Se desconecto el cliente

[INFO] 12:27:00:340 SAC_Servidor/(13134:13134): Recibimos un cliente

[INFO] 12:27:00:346 SAC_Servidor/(13134:13218): Recibimos una conexion

[INFO] 12:27:00:347 SAC_Servidor/(13134:13134): Recibimos un cliente

[INFO] 12:27:00:347 SAC_Servidor/(13134:13218): Terminamos el request

[INFO] 12:27:00:347 SAC_Servidor/(13134:13218): Se desconecto el cliente

[INFO] 12:27:00:354 SAC_Servidor/(13134:13219): Recibimos una conexion

[INFO] 12:27:00:355 SAC_Servidor/(13134:13134): Recibimos un cliente

[INFO] 12:27:00:356 SAC_Servidor/(13134:13219): Terminamos el request

[INFO] 12:27:00:356 SAC_Servidor/(13134:13219): Se desconecto el cliente

[INFO] 12:27:00:358 SAC_Servidor/(13134:13134): Recibimos un cliente

[INFO] 12:27:00:359 SAC_Servidor/(13134:13220): Recibimos una conexion

[INFO] 12:27:00:362 SAC_Servidor/(13134:13221): Recibimos una conexion

[INFO] 12:27:00:363 SAC_Servidor/(13134:13134): Recibimos un cliente

[INFO] 12:27:00:364 SAC_Servidor/(13134:13221): Terminamos el request

[INFO] 12:27:00:364 SAC_Servidor/(13134:13221): Se desconecto el cliente

[INFO] 12:27:00:366 SAC_Servidor/(13134:13222): Recibimos una conexion

[INFO] 12:27:00:370 SAC_Servidor/(13134:13134): Recibimos un cliente

[INFO] 12:27:00:371 SAC_Servidor/(13134:13222): Terminamos el request

[INFO] 12:27:00:371 SAC_Servidor/(13134:13222): Se desconecto el cliente

[INFO] 12:27:00:374 SAC_Servidor/(13134:13223): Recibimos una conexion

[INFO] 12:27:00:643 SAC_Servidor/(13134:13220): Se desconecto el cliente

[INFO] 12:27:00:646 SAC_Servidor/(13134:13223): Terminamos el request

[INFO] 12:27:00:647 SAC_Servidor/(13134:13134): Recibimos un cliente

[INFO] 12:27:00:665 SAC_Servidor/(13134:13226): Recibimos una conexion

[INFO] 12:27:00:666 SAC_Servidor/(13134:13134): Recibimos un cliente

[INFO] 12:27:00:666 SAC_Servidor/(13134:13226): Terminamos el request

[INFO] 12:27:00:666 SAC_Servidor/(13134:13226): Se desconecto el cliente

[INFO] 12:27:00:669 SAC_Servidor/(13134:13227): Recibimos una conexion

[INFO] 12:27:00:678 SAC_Servidor/(13134:13134): Recibimos un cliente

[INFO] 12:27:00:679 SAC_Servidor/(13134:13227): Terminamos el request

[INFO] 12:27:00:679 SAC_Servidor/(13134:13227): Se desconecto el cliente

[INFO] 12:27:00:682 SAC_Servidor/(13134:13134): Recibimos un cliente

[INFO] 12:27:00:683 SAC_Servidor/(13134:13229): Recibimos una conexion

[INFO] 12:27:00:686 SAC_Servidor/(13134:13230): Recibimos una conexion

[INFO] 12:27:00:688 SAC_Servidor/(13134:13134): Recibimos un cliente

[INFO] 12:27:00:691 SAC_Servidor/(13134:13230): Terminamos el request

[INFO] 12:27:00:691 SAC_Servidor/(13134:13230): Se desconecto el cliente

[INFO] 12:27:00:696 SAC_Servidor/(13134:13231): Recibimos una conexion

[INFO] 12:27:00:697 SAC_Servidor/(13134:13134): Recibimos un cliente

[INFO] 12:27:00:697 SAC_Servidor/(13134:13231): Terminamos el request

[INFO] 12:27:00:697 SAC_Servidor/(13134:13231): Se desconecto el cliente

[INFO] 12:27:00:706 SAC_Servidor/(13134:13232): Recibimos una conexion

[INFO] 12:27:00:974 SAC_Servidor/(13134:13229): Se desconecto el cliente

[INFO] 12:27:00:977 SAC_Servidor/(13134:13232): Terminamos el request

[INFO] 12:27:00:978 SAC_Servidor/(13134:13134): Recibimos un cliente

[INFO] 12:27:00:986 SAC_Servidor/(13134:13235): Recibimos una conexion

[INFO] 12:27:00:990 SAC_Servidor/(13134:13134): Recibimos un cliente

[INFO] 12:27:00:991 SAC_Servidor/(13134:13235): Terminamos el request

[INFO] 12:27:00:991 SAC_Servidor/(13134:13235): Se desconecto el cliente

[INFO] 12:27:00:994 SAC_Servidor/(13134:13236): Recibimos una conexion

[INFO] 12:27:00:995 SAC_Servidor/(13134:13134): Recibimos un cliente

[INFO] 12:27:00:996 SAC_Servidor/(13134:13236): Terminamos el request

[INFO] 12:27:00:996 SAC_Servidor/(13134:13236): Se desconecto el cliente

[INFO] 12:27:00:1 SAC_Servidor/(13134:13134): Recibimos un cliente

[INFO] 12:27:00:1 SAC_Servidor/(13134:13237): Recibimos una conexion

[INFO] 12:27:01:10 SAC_Servidor/(13134:13238): Recibimos una conexion

[INFO] 12:27:01:11 SAC_Servidor/(13134:13134): Recibimos un cliente

[INFO] 12:27:01:11 SAC_Servidor/(13134:13238): Terminamos el request

[INFO] 12:27:01:11 SAC_Servidor/(13134:13238): Se desconecto el cliente

[INFO] 12:27:01:13 SAC_Servidor/(13134:13239): Recibimos una conexion

[INFO] 12:27:01:14 SAC_Servidor/(13134:13134): Recibimos un cliente

[INFO] 12:27:01:15 SAC_Servidor/(13134:13239): Terminamos el request

[INFO] 12:27:01:15 SAC_Servidor/(13134:13239): Se desconecto el cliente

[INFO] 12:27:01:20 SAC_Servidor/(13134:13240): Recibimos una conexion

[INFO] 12:27:01:267 SAC_Servidor/(13134:13237): Se desconecto el cliente

[INFO] 12:27:01:272 SAC_Servidor/(13134:13240): Terminamos el request

[INFO] 12:27:01:273 SAC_Servidor/(13134:13134): Recibimos un cliente

[INFO] 12:27:01:282 SAC_Servidor/(13134:13243): Recibimos una conexion

[INFO] 12:27:01:283 SAC_Servidor/(13134:13134): Recibimos un cliente

[INFO] 12:27:01:283 SAC_Servidor/(13134:13243): Terminamos el request

[INFO] 12:27:01:283 SAC_Servidor/(13134:13243): Se desconecto el cliente

[INFO] 12:27:01:287 SAC_Servidor/(13134:13244): Recibimos una conexion

[INFO] 12:27:01:290 SAC_Servidor/(13134:13134): Recibimos un cliente

[INFO] 12:27:01:298 SAC_Servidor/(13134:13134): Recibimos un cliente

[INFO] 12:27:01:298 SAC_Servidor/(13134:13245): Recibimos una conexion

[INFO] 12:27:01:299 SAC_Servidor/(13134:13244): Terminamos el request

[INFO] 12:27:01:299 SAC_Servidor/(13134:13244): Se desconecto el cliente

[INFO] 12:27:01:302 SAC_Servidor/(13134:13246): Recibimos una conexion

[INFO] 12:27:01:302 SAC_Servidor/(13134:13134): Recibimos un cliente

[INFO] 12:27:01:303 SAC_Servidor/(13134:13246): Terminamos el request

[INFO] 12:27:01:303 SAC_Servidor/(13134:13246): Se desconecto el cliente

[INFO] 12:27:01:306 SAC_Servidor/(13134:13247): Recibimos una conexion

[INFO] 12:27:01:307 SAC_Servidor/(13134:13134): Recibimos un cliente

[INFO] 12:27:01:307 SAC_Servidor/(13134:13247): Terminamos el request

[INFO] 12:27:01:307 SAC_Servidor/(13134:13247): Se desconecto el cliente

[INFO] 12:27:01:310 SAC_Servidor/(13134:13248): Recibimos una conexion

[INFO] 12:27:01:576 SAC_Servidor/(13134:13245): Se desconecto el cliente

[INFO] 12:27:01:578 SAC_Servidor/(13134:13248): Terminamos el request

[INFO] 12:27:01:578 SAC_Servidor/(13134:13134): Recibimos un cliente

[INFO] 12:27:01:584 SAC_Servidor/(13134:13251): Recibimos una conexion

[INFO] 12:27:01:585 SAC_Servidor/(13134:13134): Recibimos un cliente

[INFO] 12:27:01:586 SAC_Servidor/(13134:13251): Terminamos el request

[INFO] 12:27:01:586 SAC_Servidor/(13134:13251): Se desconecto el cliente

[INFO] 12:27:01:593 SAC_Servidor/(13134:13252): Recibimos una conexion

[INFO] 12:27:01:594 SAC_Servidor/(13134:13134): Recibimos un cliente

[INFO] 12:27:01:594 SAC_Servidor/(13134:13252): Terminamos el request

[INFO] 12:27:01:594 SAC_Servidor/(13134:13252): Se desconecto el cliente

[INFO] 12:27:01:595 SAC_Servidor/(13134:13134): Recibimos un cliente

[INFO] 12:27:01:596 SAC_Servidor/(13134:13253): Recibimos una conexion

[INFO] 12:27:01:600 SAC_Servidor/(13134:13254): Recibimos una conexion

[INFO] 12:27:01:601 SAC_Servidor/(13134:13134): Recibimos un cliente

[INFO] 12:27:01:601 SAC_Servidor/(13134:13254): Terminamos el request

[INFO] 12:27:01:601 SAC_Servidor/(13134:13254): Se desconecto el cliente

[INFO] 12:27:01:603 SAC_Servidor/(13134:13255): Recibimos una conexion

[INFO] 12:27:01:608 SAC_Servidor/(13134:13134): Recibimos un cliente

[INFO] 12:27:01:609 SAC_Servidor/(13134:13255): Terminamos el request

[INFO] 12:27:01:609 SAC_Servidor/(13134:13255): Se desconecto el cliente

[INFO] 12:27:01:611 SAC_Servidor/(13134:13256): Recibimos una conexion

[INFO] 12:27:09:969 SAC_Servidor/(13134:13253): Se desconecto el cliente

[INFO] 12:27:09:969 SAC_Servidor/(13134:13256): Terminamos el request

[INFO] 12:27:09:972 SAC_Servidor/(13134:13134): Recibimos un cliente

[INFO] 12:27:09:976 SAC_Servidor/(13134:13274): Recibimos una conexion

[INFO] 12:27:09:977 SAC_Servidor/(13134:13134): Recibimos un cliente

[INFO] 12:27:09:979 SAC_Servidor/(13134:13274): Terminamos el request

[INFO] 12:27:09:979 SAC_Servidor/(13134:13274): Se desconecto el cliente

[INFO] 12:27:09:985 SAC_Servidor/(13134:13275): Recibimos una conexion

[INFO] 12:27:09:986 SAC_Servidor/(13134:13134): Recibimos un cliente

[INFO] 12:27:09:986 SAC_Servidor/(13134:13275): Terminamos el request

[INFO] 12:27:09:986 SAC_Servidor/(13134:13275): Se desconecto el cliente

[INFO] 12:27:09:992 SAC_Servidor/(13134:13134): Recibimos un cliente

[INFO] 12:27:09:992 SAC_Servidor/(13134:13276): Recibimos una conexion

[INFO] 12:27:09:993 SAC_Servidor/(13134:13277): Recibimos una conexion

[INFO] 12:27:09:994 SAC_Servidor/(13134:13134): Recibimos un cliente

[INFO] 12:27:09:995 SAC_Servidor/(13134:13277): Terminamos el request

[INFO] 12:27:09:995 SAC_Servidor/(13134:13277): Se desconecto el cliente

[INFO] 12:27:09:0 SAC_Servidor/(13134:13278): Recibimos una conexion

[INFO] 12:27:10:2 SAC_Servidor/(13134:13134): Recibimos un cliente

[INFO] 12:27:10:3 SAC_Servidor/(13134:13278): Terminamos el request

[INFO] 12:27:10:3 SAC_Servidor/(13134:13278): Se desconecto el cliente

[INFO] 12:27:10:5 SAC_Servidor/(13134:13279): Recibimos una conexion

[INFO] 12:27:10:6 SAC_Servidor/(13134:13134): Recibimos un cliente

[INFO] 12:27:10:9 SAC_Servidor/(13134:13279): Terminamos el request

[INFO] 12:27:10:10 SAC_Servidor/(13134:13280): Recibimos una conexion

[INFO] 12:27:10:11 SAC_Servidor/(13134:13134): Recibimos un cliente

[INFO] 12:27:10:12 SAC_Servidor/(13134:13280): Terminamos el request

[INFO] 12:27:10:12 SAC_Servidor/(13134:13280): Se desconecto el cliente

[INFO] 12:27:10:13 SAC_Servidor/(13134:13281): Recibimos una conexion

[INFO] 12:27:10:14 SAC_Servidor/(13134:13134): Recibimos un cliente

[INFO] 12:27:10:17 SAC_Servidor/(13134:13281): Terminamos el request

[INFO] 12:27:10:17 SAC_Servidor/(13134:13281): Se desconecto el cliente

[INFO] 12:27:10:19 SAC_Servidor/(13134:13134): Recibimos un cliente

[INFO] 12:27:10:20 SAC_Servidor/(13134:13282): Recibimos una conexion

[INFO] 12:27:10:26 SAC_Servidor/(13134:13283): Recibimos una conexion

[INFO] 12:27:10:27 SAC_Servidor/(13134:13134): Recibimos un cliente

[INFO] 12:27:10:30 SAC_Servidor/(13134:13283): Terminamos el request

[INFO] 12:27:10:30 SAC_Servidor/(13134:13283): Se desconecto el cliente

[INFO] 12:27:10:32 SAC_Servidor/(13134:13284): Recibimos una conexion

[INFO] 12:27:10:33 SAC_Servidor/(13134:13134): Recibimos un cliente

[INFO] 12:27:10:34 SAC_Servidor/(13134:13284): Terminamos el request

[INFO] 12:27:10:34 SAC_Servidor/(13134:13284): Se desconecto el cliente

[INFO] 12:27:10:38 SAC_Servidor/(13134:13285): Recibimos una conexion

[INFO] 12:27:10:39 SAC_Servidor/(13134:13134): Recibimos un cliente

[INFO] 12:27:10:40 SAC_Servidor/(13134:13285): Terminamos el request

[INFO] 12:27:10:41 SAC_Servidor/(13134:13286): Recibimos una conexion

[INFO] 12:27:10:42 SAC_Servidor/(13134:13134): Recibimos un cliente

[INFO] 12:27:10:42 SAC_Servidor/(13134:13286): Terminamos el request

[INFO] 12:27:10:42 SAC_Servidor/(13134:13286): Se desconecto el cliente

[INFO] 12:27:10:50 SAC_Servidor/(13134:13287): Recibimos una conexion

[INFO] 12:27:10:51 SAC_Servidor/(13134:13134): Recibimos un cliente

[INFO] 12:27:10:52 SAC_Servidor/(13134:13287): Terminamos el request

[INFO] 12:27:10:52 SAC_Servidor/(13134:13287): Se desconecto el cliente

[INFO] 12:27:10:53 SAC_Servidor/(13134:13134): Recibimos un cliente

[INFO] 12:27:10:53 SAC_Servidor/(13134:13288): Recibimos una conexion

[INFO] 12:27:10:58 SAC_Servidor/(13134:13290): Recibimos una conexion

[INFO] 12:27:10:60 SAC_Servidor/(13134:13134): Recibimos un cliente

[INFO] 12:27:10:64 SAC_Servidor/(13134:13290): Terminamos el request

[INFO] 12:27:10:64 SAC_Servidor/(13134:13290): Se desconecto el cliente

[INFO] 12:27:10:73 SAC_Servidor/(13134:13291): Recibimos una conexion

[INFO] 12:27:10:74 SAC_Servidor/(13134:13134): Recibimos un cliente

[INFO] 12:27:10:75 SAC_Servidor/(13134:13291): Terminamos el request

[INFO] 12:27:10:75 SAC_Servidor/(13134:13291): Se desconecto el cliente

[INFO] 12:27:10:77 SAC_Servidor/(13134:13292): Recibimos una conexion

[INFO] 12:27:10:80 SAC_Servidor/(13134:13134): Recibimos un cliente

[INFO] 12:27:10:81 SAC_Servidor/(13134:13292): Terminamos el request

[INFO] 12:27:10:83 SAC_Servidor/(13134:13293): Recibimos una conexion

[INFO] 12:27:10:86 SAC_Servidor/(13134:13134): Recibimos un cliente

[INFO] 12:27:10:87 SAC_Servidor/(13134:13293): Terminamos el request

[INFO] 12:27:10:87 SAC_Servidor/(13134:13293): Se desconecto el cliente

[INFO] 12:27:10:89 SAC_Servidor/(13134:13294): Recibimos una conexion

[INFO] 12:27:10:90 SAC_Servidor/(13134:13134): Recibimos un cliente

[INFO] 12:27:10:94 SAC_Servidor/(13134:13294): Terminamos el request

[INFO] 12:27:10:94 SAC_Servidor/(13134:13294): Se desconecto el cliente

[INFO] 12:27:10:95 SAC_Servidor/(13134:13134): Recibimos un cliente

[INFO] 12:27:10:96 SAC_Servidor/(13134:13295): Recibimos una conexion

[INFO] 12:27:10:99 SAC_Servidor/(13134:13297): Recibimos una conexion

[INFO] 12:27:10:101 SAC_Servidor/(13134:13134): Recibimos un cliente

[INFO] 12:27:10:102 SAC_Servidor/(13134:13297): Terminamos el request

[INFO] 12:27:10:102 SAC_Servidor/(13134:13297): Se desconecto el cliente

[INFO] 12:27:10:109 SAC_Servidor/(13134:13298): Recibimos una conexion

[INFO] 12:27:10:111 SAC_Servidor/(13134:13134): Recibimos un cliente

[INFO] 12:27:10:113 SAC_Servidor/(13134:13298): Terminamos el request

[INFO] 12:27:10:113 SAC_Servidor/(13134:13298): Se desconecto el cliente

[INFO] 12:27:10:114 SAC_Servidor/(13134:13300): Recibimos una conexion

[INFO] 12:27:10:117 SAC_Servidor/(13134:13134): Recibimos un cliente

[INFO] 12:27:10:118 SAC_Servidor/(13134:13300): Terminamos el request

[INFO] 12:27:10:119 SAC_Servidor/(13134:13301): Recibimos una conexion

[INFO] 12:27:10:120 SAC_Servidor/(13134:13134): Recibimos un cliente

[INFO] 12:27:10:124 SAC_Servidor/(13134:13301): Terminamos el request

[INFO] 12:27:10:124 SAC_Servidor/(13134:13301): Se desconecto el cliente

[INFO] 12:27:10:127 SAC_Servidor/(13134:13302): Recibimos una conexion

[INFO] 12:27:10:128 SAC_Servidor/(13134:13134): Recibimos un cliente

[INFO] 12:27:10:131 SAC_Servidor/(13134:13302): Terminamos el request

[INFO] 12:27:10:131 SAC_Servidor/(13134:13302): Se desconecto el cliente

[INFO] 12:27:10:132 SAC_Servidor/(13134:13134): Recibimos un cliente

[INFO] 12:27:10:133 SAC_Servidor/(13134:13303): Recibimos una conexion

[INFO] 12:27:10:134 SAC_Servidor/(13134:13304): Recibimos una conexion

[INFO] 12:27:10:136 SAC_Servidor/(13134:13134): Recibimos un cliente

[INFO] 12:27:10:137 SAC_Servidor/(13134:13304): Terminamos el request

[INFO] 12:27:10:138 SAC_Servidor/(13134:13304): Se desconecto el cliente

[INFO] 12:27:10:142 SAC_Servidor/(13134:13305): Recibimos una conexion

[INFO] 12:27:10:143 SAC_Servidor/(13134:13134): Recibimos un cliente

[INFO] 12:27:10:144 SAC_Servidor/(13134:13305): Terminamos el request

[INFO] 12:27:10:145 SAC_Servidor/(13134:13305): Se desconecto el cliente

[INFO] 12:27:10:146 SAC_Servidor/(13134:13306): Recibimos una conexion

[INFO] 12:27:10:147 SAC_Servidor/(13134:13134): Recibimos un cliente

[INFO] 12:27:10:159 SAC_Servidor/(13134:13306): Terminamos el request

[INFO] 12:27:10:161 SAC_Servidor/(13134:13307): Recibimos una conexion

[INFO] 12:27:10:162 SAC_Servidor/(13134:13134): Recibimos un cliente

[INFO] 12:27:10:162 SAC_Servidor/(13134:13307): Terminamos el request

[INFO] 12:27:10:162 SAC_Servidor/(13134:13307): Se desconecto el cliente

[INFO] 12:27:10:163 SAC_Servidor/(13134:13308): Recibimos una conexion

[INFO] 12:27:10:165 SAC_Servidor/(13134:13134): Recibimos un cliente

[INFO] 12:27:10:166 SAC_Servidor/(13134:13308): Terminamos el request

[INFO] 12:27:10:166 SAC_Servidor/(13134:13308): Se desconecto el cliente

[INFO] 12:27:10:167 SAC_Servidor/(13134:13134): Recibimos un cliente

[INFO] 12:27:10:167 SAC_Servidor/(13134:13309): Recibimos una conexion

[INFO] 12:27:10:167 SAC_Servidor/(13134:13311): Recibimos una conexion

[INFO] 12:27:10:168 SAC_Servidor/(13134:13134): Recibimos un cliente

[INFO] 12:27:10:170 SAC_Servidor/(13134:13311): Terminamos el request

[INFO] 12:27:10:170 SAC_Servidor/(13134:13311): Se desconecto el cliente

[INFO] 12:27:10:171 SAC_Servidor/(13134:13312): Recibimos una conexion

[INFO] 12:27:10:178 SAC_Servidor/(13134:13134): Recibimos un cliente

[INFO] 12:27:10:179 SAC_Servidor/(13134:13312): Terminamos el request

[INFO] 12:27:10:179 SAC_Servidor/(13134:13312): Se desconecto el cliente

[INFO] 12:27:10:182 SAC_Servidor/(13134:13314): Recibimos una conexion

[INFO] 12:27:10:183 SAC_Servidor/(13134:13134): Recibimos un cliente

[INFO] 12:27:10:185 SAC_Servidor/(13134:13314): Terminamos el request

[INFO] 12:27:10:186 SAC_Servidor/(13134:13315): Recibimos una conexion

[INFO] 12:27:10:189 SAC_Servidor/(13134:13134): Recibimos un cliente

[INFO] 12:27:10:193 SAC_Servidor/(13134:13315): Terminamos el request

[INFO] 12:27:10:194 SAC_Servidor/(13134:13315): Se desconecto el cliente

[INFO] 12:27:10:202 SAC_Servidor/(13134:13316): Recibimos una conexion

[INFO] 12:27:10:203 SAC_Servidor/(13134:13134): Recibimos un cliente

[INFO] 12:27:10:204 SAC_Servidor/(13134:13316): Terminamos el request

[INFO] 12:27:10:204 SAC_Servidor/(13134:13316): Se desconecto el cliente

[INFO] 12:27:10:208 SAC_Servidor/(13134:13134): Recibimos un cliente

[INFO] 12:27:10:210 SAC_Servidor/(13134:13317): Recibimos una conexion

[INFO] 12:27:10:224 SAC_Servidor/(13134:13318): Recibimos una conexion

[INFO] 12:27:10:225 SAC_Servidor/(13134:13134): Recibimos un cliente

[INFO] 12:27:10:226 SAC_Servidor/(13134:13318): Terminamos el request

[INFO] 12:27:10:226 SAC_Servidor/(13134:13318): Se desconecto el cliente

[INFO] 12:27:10:227 SAC_Servidor/(13134:13319): Recibimos una conexion

[INFO] 12:27:10:228 SAC_Servidor/(13134:13134): Recibimos un cliente

[INFO] 12:27:10:233 SAC_Servidor/(13134:13319): Terminamos el request

[INFO] 12:27:10:233 SAC_Servidor/(13134:13319): Se desconecto el cliente

[INFO] 12:27:10:235 SAC_Servidor/(13134:13320): Recibimos una conexion

[INFO] 12:27:10:237 SAC_Servidor/(13134:13134): Recibimos un cliente

[INFO] 12:27:10:242 SAC_Servidor/(13134:13320): Terminamos el request

[INFO] 12:27:10:243 SAC_Servidor/(13134:13321): Recibimos una conexion

[INFO] 12:27:10:247 SAC_Servidor/(13134:13134): Recibimos un cliente

[INFO] 12:27:10:248 SAC_Servidor/(13134:13321): Terminamos el request

[INFO] 12:27:10:248 SAC_Servidor/(13134:13321): Se desconecto el cliente

[INFO] 12:27:10:255 SAC_Servidor/(13134:13322): Recibimos una conexion

[INFO] 12:27:10:258 SAC_Servidor/(13134:13134): Recibimos un cliente

[INFO] 12:27:10:259 SAC_Servidor/(13134:13322): Terminamos el request

[INFO] 12:27:10:259 SAC_Servidor/(13134:13322): Se desconecto el cliente

[INFO] 12:27:10:261 SAC_Servidor/(13134:13134): Recibimos un cliente

[INFO] 12:27:10:262 SAC_Servidor/(13134:13323): Recibimos una conexion

[INFO] 12:27:10:273 SAC_Servidor/(13134:13325): Recibimos una conexion

[INFO] 12:27:10:275 SAC_Servidor/(13134:13134): Recibimos un cliente

[INFO] 12:27:10:277 SAC_Servidor/(13134:13325): Terminamos el request

[INFO] 12:27:10:277 SAC_Servidor/(13134:13325): Se desconecto el cliente

[INFO] 12:27:10:282 SAC_Servidor/(13134:13326): Recibimos una conexion

[INFO] 12:27:10:287 SAC_Servidor/(13134:13134): Recibimos un cliente

[INFO] 12:27:10:288 SAC_Servidor/(13134:13326): Terminamos el request

[INFO] 12:27:10:288 SAC_Servidor/(13134:13326): Se desconecto el cliente

[INFO] 12:27:10:293 SAC_Servidor/(13134:13328): Recibimos una conexion

[INFO] 12:27:10:296 SAC_Servidor/(13134:13134): Recibimos un cliente

[INFO] 12:27:10:301 SAC_Servidor/(13134:13328): Terminamos el request

[INFO] 12:27:10:306 SAC_Servidor/(13134:13329): Recibimos una conexion

[INFO] 12:27:10:308 SAC_Servidor/(13134:13329): Terminamos el request

[INFO] 12:27:10:315 SAC_Servidor/(13134:13134): Recibimos un cliente

[INFO] 12:27:10:315 SAC_Servidor/(13134:13329): Se desconecto el cliente

[INFO] 12:27:10:322 SAC_Servidor/(13134:13330): Recibimos una conexion

[INFO] 12:27:10:324 SAC_Servidor/(13134:13134): Recibimos un cliente

[INFO] 12:27:10:326 SAC_Servidor/(13134:13330): Terminamos el request

[INFO] 12:27:10:326 SAC_Servidor/(13134:13330): Se desconecto el cliente

[INFO] 12:27:10:331 SAC_Servidor/(13134:13134): Recibimos un cliente

[INFO] 12:27:10:332 SAC_Servidor/(13134:13331): Recibimos una conexion

[INFO] 12:27:10:335 SAC_Servidor/(13134:13332): Recibimos una conexion

[INFO] 12:27:10:336 SAC_Servidor/(13134:13134): Recibimos un cliente

[INFO] 12:27:10:338 SAC_Servidor/(13134:13332): Terminamos el request

[INFO] 12:27:10:338 SAC_Servidor/(13134:13332): Se desconecto el cliente

[INFO] 12:27:10:343 SAC_Servidor/(13134:13333): Recibimos una conexion

[INFO] 12:27:10:346 SAC_Servidor/(13134:13134): Recibimos un cliente

[INFO] 12:27:10:348 SAC_Servidor/(13134:13333): Terminamos el request

[INFO] 12:27:10:348 SAC_Servidor/(13134:13333): Se desconecto el cliente

[INFO] 12:27:10:355 SAC_Servidor/(13134:13334): Recibimos una conexion

[INFO] 12:27:10:358 SAC_Servidor/(13134:13134): Recibimos un cliente

[INFO] 12:27:10:361 SAC_Servidor/(13134:13334): Terminamos el request

[INFO] 12:27:10:364 SAC_Servidor/(13134:13335): Recibimos una conexion

[INFO] 12:27:10:365 SAC_Servidor/(13134:13134): Recibimos un cliente

[INFO] 12:27:10:365 SAC_Servidor/(13134:13335): Terminamos el request

[INFO] 12:27:10:365 SAC_Servidor/(13134:13335): Se desconecto el cliente

[INFO] 12:27:10:372 SAC_Servidor/(13134:13336): Recibimos una conexion

[INFO] 12:27:10:377 SAC_Servidor/(13134:13134): Recibimos un cliente

[INFO] 12:27:10:377 SAC_Servidor/(13134:13336): Terminamos el request

[INFO] 12:27:10:378 SAC_Servidor/(13134:13336): Se desconecto el cliente

[INFO] 12:27:10:381 SAC_Servidor/(13134:13134): Recibimos un cliente

[INFO] 12:27:10:382 SAC_Servidor/(13134:13337): Recibimos una conexion

[INFO] 12:27:10:386 SAC_Servidor/(13134:13339): Recibimos una conexion

[INFO] 12:27:10:388 SAC_Servidor/(13134:13134): Recibimos un cliente

[INFO] 12:27:10:390 SAC_Servidor/(13134:13339): Terminamos el request

[INFO] 12:27:10:390 SAC_Servidor/(13134:13339): Se desconecto el cliente

[INFO] 12:27:10:394 SAC_Servidor/(13134:13340): Recibimos una conexion

[INFO] 12:27:10:395 SAC_Servidor/(13134:13134): Recibimos un cliente

[INFO] 12:27:10:396 SAC_Servidor/(13134:13340): Terminamos el request

[INFO] 12:27:10:396 SAC_Servidor/(13134:13340): Se desconecto el cliente

[INFO] 12:27:10:399 SAC_Servidor/(13134:13342): Recibimos una conexion

[INFO] 12:27:10:403 SAC_Servidor/(13134:13134): Recibimos un cliente

[INFO] 12:27:10:408 SAC_Servidor/(13134:13342): Terminamos el request

[INFO] 12:27:10:414 SAC_Servidor/(13134:13343): Recibimos una conexion

[INFO] 12:27:10:415 SAC_Servidor/(13134:13134): Recibimos un cliente

[INFO] 12:27:10:416 SAC_Servidor/(13134:13343): Terminamos el request

[INFO] 12:27:10:416 SAC_Servidor/(13134:13343): Se desconecto el cliente

[INFO] 12:27:10:418 SAC_Servidor/(13134:13344): Recibimos una conexion

[INFO] 12:27:10:422 SAC_Servidor/(13134:13134): Recibimos un cliente

[INFO] 12:27:10:423 SAC_Servidor/(13134:13344): Terminamos el request

[INFO] 12:27:10:423 SAC_Servidor/(13134:13344): Se desconecto el cliente

[INFO] 12:27:10:425 SAC_Servidor/(13134:13134): Recibimos un cliente

[INFO] 12:27:10:426 SAC_Servidor/(13134:13345): Recibimos una conexion

[INFO] 12:27:10:432 SAC_Servidor/(13134:13346): Recibimos una conexion

[INFO] 12:27:10:437 SAC_Servidor/(13134:13134): Recibimos un cliente

[INFO] 12:27:10:438 SAC_Servidor/(13134:13346): Terminamos el request

[INFO] 12:27:10:438 SAC_Servidor/(13134:13346): Se desconecto el cliente

[INFO] 12:27:10:441 SAC_Servidor/(13134:13347): Recibimos una conexion

[INFO] 12:27:10:442 SAC_Servidor/(13134:13134): Recibimos un cliente

[INFO] 12:27:10:446 SAC_Servidor/(13134:13347): Terminamos el request

[INFO] 12:27:10:446 SAC_Servidor/(13134:13347): Se desconecto el cliente

[INFO] 12:27:10:451 SAC_Servidor/(13134:13348): Recibimos una conexion

[INFO] 12:27:10:452 SAC_Servidor/(13134:13134): Recibimos un cliente

[INFO] 12:27:10:453 SAC_Servidor/(13134:13348): Terminamos el request

[INFO] 12:27:10:460 SAC_Servidor/(13134:13349): Recibimos una conexion

[INFO] 12:27:10:462 SAC_Servidor/(13134:13134): Recibimos un cliente

[INFO] 12:27:10:462 SAC_Servidor/(13134:13349): Terminamos el request

[INFO] 12:27:10:462 SAC_Servidor/(13134:13349): Se desconecto el cliente

[INFO] 12:27:10:473 SAC_Servidor/(13134:13350): Recibimos una conexion

[INFO] 12:27:10:477 SAC_Servidor/(13134:13134): Recibimos un cliente

[INFO] 12:27:10:481 SAC_Servidor/(13134:13350): Terminamos el request

[INFO] 12:27:10:481 SAC_Servidor/(13134:13350): Se desconecto el cliente

[INFO] 12:27:10:487 SAC_Servidor/(13134:13134): Recibimos un cliente

[INFO] 12:27:10:488 SAC_Servidor/(13134:13352): Recibimos una conexion

[INFO] 12:27:10:498 SAC_Servidor/(13134:13134): Recibimos un cliente

[INFO] 12:27:10:499 SAC_Servidor/(13134:13354): Recibimos una conexion

[INFO] 12:27:10:500 SAC_Servidor/(13134:13354): Terminamos el request

[INFO] 12:27:10:500 SAC_Servidor/(13134:13354): Se desconecto el cliente

[INFO] 12:27:10:504 SAC_Servidor/(13134:13134): Recibimos un cliente

[INFO] 12:27:10:505 SAC_Servidor/(13134:13356): Recibimos una conexion

[INFO] 12:27:10:508 SAC_Servidor/(13134:13356): Terminamos el request

[INFO] 12:27:10:511 SAC_Servidor/(13134:13356): Se desconecto el cliente

[INFO] 12:27:10:512 SAC_Servidor/(13134:13134): Recibimos un cliente

[INFO] 12:27:10:513 SAC_Servidor/(13134:13358): Recibimos una conexion

[INFO] 12:27:10:515 SAC_Servidor/(13134:13358): Terminamos el request

[INFO] 12:27:10:515 SAC_Servidor/(13134:13358): Se desconecto el cliente

[INFO] 12:27:10:521 SAC_Servidor/(13134:13134): Recibimos un cliente

[INFO] 12:27:10:521 SAC_Servidor/(13134:13359): Recibimos una conexion

[INFO] 12:27:10:524 SAC_Servidor/(13134:13359): Terminamos el request

[INFO] 12:27:10:524 SAC_Servidor/(13134:13359): Se desconecto el cliente

[INFO] 12:27:10:527 SAC_Servidor/(13134:13134): Recibimos un cliente

[INFO] 12:27:10:527 SAC_Servidor/(13134:13361): Recibimos una conexion

[INFO] 12:27:10:541 SAC_Servidor/(13134:13361): Terminamos el request

[INFO] 12:27:10:541 SAC_Servidor/(13134:13361): Se desconecto el cliente

[INFO] 12:27:10:545 SAC_Servidor/(13134:13134): Recibimos un cliente

[INFO] 12:27:10:545 SAC_Servidor/(13134:13362): Recibimos una conexion

[INFO] 12:27:10:547 SAC_Servidor/(13134:13362): Terminamos el request

[INFO] 12:27:10:547 SAC_Servidor/(13134:13362): Se desconecto el cliente

[INFO] 12:27:10:552 SAC_Servidor/(13134:13363): Recibimos una conexion

[INFO] 12:27:10:554 SAC_Servidor/(13134:13134): Recibimos un cliente

[INFO] 12:27:10:554 SAC_Servidor/(13134:13363): Terminamos el request

[INFO] 12:27:10:557 SAC_Servidor/(13134:13364): Recibimos una conexion

[INFO] 12:27:10:561 SAC_Servidor/(13134:13134): Recibimos un cliente

[INFO] 12:27:10:562 SAC_Servidor/(13134:13364): Terminamos el request

[INFO] 12:27:10:562 SAC_Servidor/(13134:13364): Se desconecto el cliente

[INFO] 12:27:10:568 SAC_Servidor/(13134:13365): Recibimos una conexion

[INFO] 12:27:10:569 SAC_Servidor/(13134:13134): Recibimos un cliente

[INFO] 12:27:10:569 SAC_Servidor/(13134:13365): Terminamos el request

[INFO] 12:27:10:569 SAC_Servidor/(13134:13365): Se desconecto el cliente

[INFO] 12:27:10:572 SAC_Servidor/(13134:13366): Recibimos una conexion

[INFO] 12:27:10:576 SAC_Servidor/(13134:13366): Terminamos el request

[INFO] 12:27:10:576 SAC_Servidor/(13134:13366): Se desconecto el cliente

[INFO] 12:27:21:862 SAC_Servidor/(13134:13134): Recibimos un cliente

[INFO] 12:27:21:867 SAC_Servidor/(13134:13374): Recibimos una conexion

[INFO] 12:27:21:883 SAC_Servidor/(13134:13374): Terminamos el request

[INFO] 12:27:21:883 SAC_Servidor/(13134:13374): Se desconecto el cliente

[INFO] 12:27:21:887 SAC_Servidor/(13134:13134): Recibimos un cliente

[INFO] 12:27:21:891 SAC_Servidor/(13134:13376): Recibimos una conexion

[INFO] 12:27:21:909 SAC_Servidor/(13134:13376): Terminamos el request

[INFO] 12:27:21:909 SAC_Servidor/(13134:13376): Se desconecto el cliente

[INFO] 12:27:21:948 SAC_Servidor/(13134:13134): Recibimos un cliente

[INFO] 12:27:21:953 SAC_Servidor/(13134:13380): Recibimos una conexion

[INFO] 12:27:21:956 SAC_Servidor/(13134:13380): Terminamos el request

[INFO] 12:27:21:957 SAC_Servidor/(13134:13380): Se desconecto el cliente

[INFO] 12:27:23:469 SAC_Servidor/(13134:13134): Recibimos un cliente

[INFO] 12:27:23:476 SAC_Servidor/(13134:13383): Recibimos una conexion

[INFO] 12:27:23:484 SAC_Servidor/(13134:13134): Recibimos un cliente

[INFO] 12:27:23:485 SAC_Servidor/(13134:13383): Terminamos el request

[INFO] 12:27:23:485 SAC_Servidor/(13134:13383): Se desconecto el cliente

[INFO] 12:27:23:489 SAC_Servidor/(13134:13384): Recibimos una conexion

[INFO] 12:27:23:490 SAC_Servidor/(13134:13134): Recibimos un cliente

[INFO] 12:27:23:490 SAC_Servidor/(13134:13384): Terminamos el request

[INFO] 12:27:23:491 SAC_Servidor/(13134:13384): Se desconecto el cliente

[INFO] 12:27:23:500 SAC_Servidor/(13134:13385): Recibimos una conexion

[INFO] 12:27:23:506 SAC_Servidor/(13134:13134): Recibimos un cliente

[INFO] 12:27:23:507 SAC_Servidor/(13134:13385): Terminamos el request

[INFO] 12:27:23:508 SAC_Servidor/(13134:13386): Recibimos una conexion

[INFO] 12:27:23:516 SAC_Servidor/(13134:13134): Recibimos un cliente

[INFO] 12:27:23:516 SAC_Servidor/(13134:13386): Terminamos el request

[INFO] 12:27:23:516 SAC_Servidor/(13134:13386): Se desconecto el cliente

[INFO] 12:27:23:519 SAC_Servidor/(13134:13387): Recibimos una conexion

[INFO] 12:27:23:523 SAC_Servidor/(13134:13387): Terminamos el request

[INFO] 12:27:23:524 SAC_Servidor/(13134:13387): Se desconecto el cliente

[INFO] 12:29:26:382 SAC_Servidor/(13134:13134): Recibimos un cliente

[INFO] 12:29:26:389 SAC_Servidor/(13134:13408): Recibimos una conexion

[INFO] 12:29:26:397 SAC_Servidor/(13134:13134): Recibimos un cliente

[INFO] 12:29:26:397 SAC_Servidor/(13134:13408): Terminamos el request

[INFO] 12:29:26:397 SAC_Servidor/(13134:13408): Se desconecto el cliente

[INFO] 12:29:26:403 SAC_Servidor/(13134:13412): Recibimos una conexion

[INFO] 12:29:26:403 SAC_Servidor/(13134:13134): Recibimos un cliente

[INFO] 12:29:26:404 SAC_Servidor/(13134:13412): Terminamos el request

[INFO] 12:29:26:404 SAC_Servidor/(13134:13412): Se desconecto el cliente

[INFO] 12:29:26:413 SAC_Servidor/(13134:13413): Recibimos una conexion

[INFO] 12:29:26:426 SAC_Servidor/(13134:13413): Terminamos el request

[INFO] 12:29:26:426 SAC_Servidor/(13134:13413): Se desconecto el cliente

[INFO] 12:29:28:793 SAC_Servidor/(13134:13134): Recibimos un cliente

[INFO] 12:29:28:811 SAC_Servidor/(13134:13415): Recibimos una conexion

[INFO] 12:29:28:812 SAC_Servidor/(13134:13134): Recibimos un cliente

[INFO] 12:29:28:812 SAC_Servidor/(13134:13415): Terminamos el request

[INFO] 12:29:28:812 SAC_Servidor/(13134:13415): Se desconecto el cliente

[INFO] 12:29:28:816 SAC_Servidor/(13134:13416): Recibimos una conexion

[INFO] 12:29:28:817 SAC_Servidor/(13134:13134): Recibimos un cliente

[INFO] 12:29:28:820 SAC_Servidor/(13134:13416): Terminamos el request

[INFO] 12:29:28:820 SAC_Servidor/(13134:13416): Se desconecto el cliente

[INFO] 12:29:28:831 SAC_Servidor/(13134:13417): Recibimos una conexion

[INFO] 12:29:28:833 SAC_Servidor/(13134:13134): Recibimos un cliente

[INFO] 12:29:28:839 SAC_Servidor/(13134:13417): Terminamos el request

[INFO] 12:29:28:845 SAC_Servidor/(13134:13418): Recibimos una conexion

[INFO] 12:29:28:846 SAC_Servidor/(13134:13418): Terminamos el request

[INFO] 12:29:28:846 SAC_Servidor/(13134:13418): Se desconecto el cliente

[INFO] 12:29:28:847 SAC_Servidor/(13134:13134): Recibimos un cliente

[INFO] 12:29:28:858 SAC_Servidor/(13134:13419): Recibimos una conexion

[INFO] 12:29:28:867 SAC_Servidor/(13134:13419): Terminamos el request

[INFO] 12:29:28:867 SAC_Servidor/(13134:13419): Se desconecto el cliente

[INFO] 12:29:51:441 SAC_Servidor/(13134:13134): Recibimos un cliente

[INFO] 12:29:51:446 SAC_Servidor/(13134:13423): Recibimos una conexion

[INFO] 12:29:51:447 SAC_Servidor/(13134:13134): Recibimos un cliente

[INFO] 12:29:51:450 SAC_Servidor/(13134:13423): Terminamos el request

[INFO] 12:29:51:450 SAC_Servidor/(13134:13423): Se desconecto el cliente

[INFO] 12:29:51:462 SAC_Servidor/(13134:13425): Recibimos una conexion

[INFO] 12:29:51:476 SAC_Servidor/(13134:13425): Terminamos el request

[INFO] 12:29:51:477 SAC_Servidor/(13134:13425): Se desconecto el cliente

[INFO] 12:29:51:485 SAC_Servidor/(13134:13134): Recibimos un cliente

[INFO] 12:29:51:490 SAC_Servidor/(13134:13429): Recibimos una conexion

[INFO] 12:29:51:491 SAC_Servidor/(13134:13429): Terminamos el request

[INFO] 12:29:51:491 SAC_Servidor/(13134:13429): Se desconecto el cliente

[INFO] 12:29:51:555 SAC_Servidor/(13134:13134): Recibimos un cliente

[INFO] 12:29:51:562 SAC_Servidor/(13134:13434): Recibimos una conexion

[INFO] 12:29:51:573 SAC_Servidor/(13134:13434): Terminamos el request

[INFO] 12:29:51:574 SAC_Servidor/(13134:13434): Se desconecto el cliente

[INFO] 12:30:10:416 SAC_Servidor/(13134:13134): Recibimos un cliente

[INFO] 12:30:10:422 SAC_Servidor/(13134:13437): Recibimos una conexion

[INFO] 12:30:10:425 SAC_Servidor/(13134:13134): Recibimos un cliente

[INFO] 12:30:10:426 SAC_Servidor/(13134:13437): Terminamos el request

[INFO] 12:30:10:427 SAC_Servidor/(13134:13437): Se desconecto el cliente

[INFO] 12:30:10:440 SAC_Servidor/(13134:13440): Recibimos una conexion

[INFO] 12:30:10:448 SAC_Servidor/(13134:13134): Recibimos un cliente

[INFO] 12:30:10:450 SAC_Servidor/(13134:13440): Terminamos el request

[INFO] 12:30:10:450 SAC_Servidor/(13134:13440): Se desconecto el cliente

[INFO] 12:30:10:463 SAC_Servidor/(13134:13441): Recibimos una conexion

[INFO] 12:30:10:464 SAC_Servidor/(13134:13441): Terminamos el request

[INFO] 12:30:10:464 SAC_Servidor/(13134:13441): Se desconecto el cliente

[INFO] 12:30:10:485 SAC_Servidor/(13134:13134): Recibimos un cliente

[INFO] 12:30:10:491 SAC_Servidor/(13134:13444): Recibimos una conexion

[INFO] 12:30:10:492 SAC_Servidor/(13134:13444): Terminamos el request

[INFO] 12:30:10:494 SAC_Servidor/(13134:13444): Se desconecto el cliente

[INFO] 12:30:14:983 SAC_Servidor/(13134:13134): Recibimos un cliente

[INFO] 12:30:15:13 SAC_Servidor/(13134:13448): Recibimos una conexion

[INFO] 12:30:15:14 SAC_Servidor/(13134:13134): Recibimos un cliente

[INFO] 12:30:15:14 SAC_Servidor/(13134:13448): Terminamos el request

[INFO] 12:30:15:14 SAC_Servidor/(13134:13448): Se desconecto el cliente

[INFO] 12:30:15:16 SAC_Servidor/(13134:13449): Recibimos una conexion

[INFO] 12:30:15:16 SAC_Servidor/(13134:13134): Recibimos un cliente

[INFO] 12:30:15:21 SAC_Servidor/(13134:13449): Terminamos el request

[INFO] 12:30:15:21 SAC_Servidor/(13134:13449): Se desconecto el cliente

[INFO] 12:30:15:23 SAC_Servidor/(13134:13450): Recibimos una conexion

[INFO] 12:30:15:24 SAC_Servidor/(13134:13134): Recibimos un cliente

[INFO] 12:30:15:25 SAC_Servidor/(13134:13450): Terminamos el request

[INFO] 12:30:15:28 SAC_Servidor/(13134:13451): Recibimos una conexion

[INFO] 12:30:15:30 SAC_Servidor/(13134:13134): Recibimos un cliente

[INFO] 12:30:15:32 SAC_Servidor/(13134:13451): Terminamos el request

[INFO] 12:30:15:32 SAC_Servidor/(13134:13451): Se desconecto el cliente

[INFO] 12:30:15:34 SAC_Servidor/(13134:13452): Recibimos una conexion

[INFO] 12:30:15:37 SAC_Servidor/(13134:13452): Terminamos el request

[INFO] 12:30:15:37 SAC_Servidor/(13134:13452): Se desconecto el cliente

[INFO] 12:30:46:610 SAC_Servidor/(13134:13134): Recibimos un cliente

[INFO] 12:30:46:619 SAC_Servidor/(13134:13456): Recibimos una conexion

[INFO] 12:30:46:657 SAC_Servidor/(13134:13456): Terminamos el request

[INFO] 12:30:46:658 SAC_Servidor/(13134:13456): Se desconecto el cliente

[INFO] 12:30:56:51 SAC_Servidor/(13134:13134): Recibimos un cliente

[INFO] 12:30:56:59 SAC_Servidor/(13134:13466): Recibimos una conexion

[INFO] 12:30:56:73 SAC_Servidor/(13134:13466): Terminamos el request

[INFO] 12:30:56:73 SAC_Servidor/(13134:13466): Se desconecto el cliente

[INFO] 12:30:59:465 SAC_Servidor/(13134:13134): Recibimos un cliente

[INFO] 12:30:59:469 SAC_Servidor/(13134:13469): Recibimos una conexion

[INFO] 12:30:59:475 SAC_Servidor/(13134:13134): Recibimos un cliente

[INFO] 12:30:59:476 SAC_Servidor/(13134:13469): Terminamos el request

[INFO] 12:30:59:476 SAC_Servidor/(13134:13469): Se desconecto el cliente

[INFO] 12:30:59:488 SAC_Servidor/(13134:13470): Recibimos una conexion

[INFO] 12:30:59:489 SAC_Servidor/(13134:13470): Terminamos el request

[INFO] 12:30:59:489 SAC_Servidor/(13134:13470): Se desconecto el cliente

[INFO] 12:30:59:522 SAC_Servidor/(13134:13134): Recibimos un cliente

[INFO] 12:30:59:528 SAC_Servidor/(13134:13474): Recibimos una conexion

[INFO] 12:30:59:533 SAC_Servidor/(13134:13474): Terminamos el request

[INFO] 12:30:59:533 SAC_Servidor/(13134:13474): Se desconecto el cliente

[INFO] 12:31:02:501 SAC_Servidor/(13134:13134): Recibimos un cliente

[INFO] 12:31:02:508 SAC_Servidor/(13134:13479): Recibimos una conexion

[INFO] 12:31:02:515 SAC_Servidor/(13134:13134): Recibimos un cliente

[INFO] 12:31:02:516 SAC_Servidor/(13134:13479): Terminamos el request

[INFO] 12:31:02:516 SAC_Servidor/(13134:13479): Se desconecto el cliente

[INFO] 12:31:02:519 SAC_Servidor/(13134:13480): Recibimos una conexion

[INFO] 12:31:02:521 SAC_Servidor/(13134:13134): Recibimos un cliente

[INFO] 12:31:02:522 SAC_Servidor/(13134:13480): Terminamos el request

[INFO] 12:31:02:522 SAC_Servidor/(13134:13480): Se desconecto el cliente

[INFO] 12:31:02:533 SAC_Servidor/(13134:13481): Recibimos una conexion

[INFO] 12:31:02:535 SAC_Servidor/(13134:13134): Recibimos un cliente

[INFO] 12:31:02:536 SAC_Servidor/(13134:13481): Terminamos el request

[INFO] 12:31:02:544 SAC_Servidor/(13134:13482): Recibimos una conexion

[INFO] 12:31:02:545 SAC_Servidor/(13134:13134): Recibimos un cliente

[INFO] 12:31:02:546 SAC_Servidor/(13134:13482): Terminamos el request

[INFO] 12:31:02:546 SAC_Servidor/(13134:13482): Se desconecto el cliente

[INFO] 12:31:02:550 SAC_Servidor/(13134:13483): Recibimos una conexion

[INFO] 12:31:02:551 SAC_Servidor/(13134:13483): Terminamos el request

[INFO] 12:31:02:551 SAC_Servidor/(13134:13483): Se desconecto el cliente

[INFO] 12:31:13:543 SAC_Servidor/(13134:13134): Recibimos un cliente

[INFO] 12:31:13:548 SAC_Servidor/(13134:13486): Recibimos una conexion

[INFO] 12:31:13:551 SAC_Servidor/(13134:13134): Recibimos un cliente

[INFO] 12:31:13:551 SAC_Servidor/(13134:13486): Terminamos el request

[INFO] 12:31:13:551 SAC_Servidor/(13134:13486): Se desconecto el cliente

[INFO] 12:31:13:554 SAC_Servidor/(13134:13489): Recibimos una conexion

[INFO] 12:31:13:560 SAC_Servidor/(13134:13134): Recibimos un cliente

[INFO] 12:31:13:561 SAC_Servidor/(13134:13489): Terminamos el request

[INFO] 12:31:13:561 SAC_Servidor/(13134:13489): Se desconecto el cliente

[INFO] 12:31:13:562 SAC_Servidor/(13134:13490): Recibimos una conexion

[INFO] 12:31:13:564 SAC_Servidor/(13134:13134): Recibimos un cliente

[INFO] 12:31:13:565 SAC_Servidor/(13134:13490): Terminamos el request

[INFO] 12:31:13:568 SAC_Servidor/(13134:13491): Recibimos una conexion

[INFO] 12:31:13:569 SAC_Servidor/(13134:13134): Recibimos un cliente

[INFO] 12:31:13:570 SAC_Servidor/(13134:13491): Terminamos el request

[INFO] 12:31:13:570 SAC_Servidor/(13134:13491): Se desconecto el cliente

[INFO] 12:31:13:577 SAC_Servidor/(13134:13492): Recibimos una conexion

[INFO] 12:31:13:581 SAC_Servidor/(13134:13134): Recibimos un cliente

[INFO] 12:31:13:582 SAC_Servidor/(13134:13492): Terminamos el request

[INFO] 12:31:13:582 SAC_Servidor/(13134:13492): Se desconecto el cliente

[INFO] 12:31:13:586 SAC_Servidor/(13134:13493): Recibimos una conexion

[INFO] 12:31:13:591 SAC_Servidor/(13134:13493): Terminamos el request

[INFO] 12:31:13:596 SAC_Servidor/(13134:13134): Recibimos un cliente

[INFO] 12:31:13:600 SAC_Servidor/(13134:13495): Recibimos una conexion

[INFO] 12:31:13:602 SAC_Servidor/(13134:13495): Terminamos el request

[INFO] 12:31:13:602 SAC_Servidor/(13134:13495): Se desconecto el cliente

[INFO] 12:31:13:603 SAC_Servidor/(13134:13134): Recibimos un cliente

[INFO] 12:31:13:608 SAC_Servidor/(13134:13496): Recibimos una conexion

[INFO] 12:31:13:614 SAC_Servidor/(13134:13134): Recibimos un cliente

[INFO] 12:31:13:615 SAC_Servidor/(13134:13496): Terminamos el request

[INFO] 12:31:13:615 SAC_Servidor/(13134:13496): Se desconecto el cliente

[INFO] 12:31:13:622 SAC_Servidor/(13134:13497): Recibimos una conexion

[INFO] 12:31:13:627 SAC_Servidor/(13134:13497): Terminamos el request

[INFO] 12:31:17:388 SAC_Servidor/(13134:13134): Recibimos un cliente

[INFO] 12:31:17:392 SAC_Servidor/(13134:13498): Recibimos una conexion

[INFO] 12:31:17:395 SAC_Servidor/(13134:13134): Recibimos un cliente

[INFO] 12:31:17:396 SAC_Servidor/(13134:13498): Terminamos el request

[INFO] 12:31:17:396 SAC_Servidor/(13134:13498): Se desconecto el cliente

[INFO] 12:31:17:399 SAC_Servidor/(13134:13499): Recibimos una conexion

[INFO] 12:31:17:409 SAC_Servidor/(13134:13134): Recibimos un cliente

[INFO] 12:31:17:411 SAC_Servidor/(13134:13499): Terminamos el request

[INFO] 12:31:17:411 SAC_Servidor/(13134:13499): Se desconecto el cliente

[INFO] 12:31:17:425 SAC_Servidor/(13134:13500): Recibimos una conexion

[INFO] 12:31:17:425 SAC_Servidor/(13134:13500): Terminamos el request

[INFO] 12:31:17:425 SAC_Servidor/(13134:13500): Se desconecto el cliente

[INFO] 12:31:17:451 SAC_Servidor/(13134:13134): Recibimos un cliente

[INFO] 12:31:17:455 SAC_Servidor/(13134:13504): Recibimos una conexion

[INFO] 12:31:17:457 SAC_Servidor/(13134:13504): Terminamos el request

[INFO] 12:31:17:457 SAC_Servidor/(13134:13504): Se desconecto el cliente

[INFO] 12:31:21:38 SAC_Servidor/(13134:13134): Recibimos un cliente

[INFO] 12:31:21:46 SAC_Servidor/(13134:13508): Recibimos una conexion

[INFO] 12:31:21:54 SAC_Servidor/(13134:13134): Recibimos un cliente

[INFO] 12:31:21:55 SAC_Servidor/(13134:13508): Terminamos el request

[INFO] 12:31:21:55 SAC_Servidor/(13134:13508): Se desconecto el cliente

[INFO] 12:31:21:61 SAC_Servidor/(13134:13510): Recibimos una conexion

[INFO] 12:31:21:62 SAC_Servidor/(13134:13134): Recibimos un cliente

[INFO] 12:31:21:62 SAC_Servidor/(13134:13510): Terminamos el request

[INFO] 12:31:21:62 SAC_Servidor/(13134:13510): Se desconecto el cliente

[INFO] 12:31:21:70 SAC_Servidor/(13134:13512): Recibimos una conexion

[INFO] 12:31:21:78 SAC_Servidor/(13134:13134): Recibimos un cliente

[INFO] 12:31:21:79 SAC_Servidor/(13134:13512): Terminamos el request

[INFO] 12:31:21:80 SAC_Servidor/(13134:13513): Recibimos una conexion

[INFO] 12:31:21:81 SAC_Servidor/(13134:13134): Recibimos un cliente

[INFO] 12:31:21:81 SAC_Servidor/(13134:13513): Terminamos el request

[INFO] 12:31:21:81 SAC_Servidor/(13134:13513): Se desconecto el cliente

[INFO] 12:31:21:84 SAC_Servidor/(13134:13514): Recibimos una conexion

[INFO] 12:31:21:86 SAC_Servidor/(13134:13514): Terminamos el request

[INFO] 12:31:21:86 SAC_Servidor/(13134:13514): Se desconecto el cliente

[INFO] 12:31:34:822 SAC_Servidor/(13134:13134): Recibimos un cliente

[INFO] 12:31:34:829 SAC_Servidor/(13134:13517): Recibimos una conexion

[INFO] 12:31:34:839 SAC_Servidor/(13134:13134): Recibimos un cliente

[INFO] 12:31:34:841 SAC_Servidor/(13134:13517): Terminamos el request

[INFO] 12:31:34:841 SAC_Servidor/(13134:13517): Se desconecto el cliente

[INFO] 12:31:34:844 SAC_Servidor/(13134:13519): Recibimos una conexion

[INFO] 12:31:34:844 SAC_Servidor/(13134:13134): Recibimos un cliente

[INFO] 12:31:34:845 SAC_Servidor/(13134:13519): Terminamos el request

[INFO] 12:31:34:849 SAC_Servidor/(13134:13519): Se desconecto el cliente

[INFO] 12:31:34:855 SAC_Servidor/(13134:13520): Recibimos una conexion

[INFO] 12:31:34:867 SAC_Servidor/(13134:13520): Terminamos el request

[INFO] 12:31:34:867 SAC_Servidor/(13134:13520): Se desconecto el cliente

[INFO] 12:31:38:161 SAC_Servidor/(13134:13134): Recibimos un cliente

[INFO] 12:31:38:165 SAC_Servidor/(13134:13521): Recibimos una conexion

[INFO] 12:31:38:167 SAC_Servidor/(13134:13134): Recibimos un cliente

[INFO] 12:31:38:168 SAC_Servidor/(13134:13521): Terminamos el request

[INFO] 12:31:38:168 SAC_Servidor/(13134:13521): Se desconecto el cliente

[INFO] 12:31:38:171 SAC_Servidor/(13134:13522): Recibimos una conexion

[INFO] 12:31:38:172 SAC_Servidor/(13134:13134): Recibimos un cliente

[INFO] 12:31:38:180 SAC_Servidor/(13134:13522): Terminamos el request

[INFO] 12:31:38:180 SAC_Servidor/(13134:13522): Se desconecto el cliente

[INFO] 12:31:38:183 SAC_Servidor/(13134:13523): Recibimos una conexion

[INFO] 12:31:38:197 SAC_Servidor/(13134:13523): Terminamos el request

[INFO] 12:31:38:198 SAC_Servidor/(13134:13523): Se desconecto el cliente

[INFO] 12:31:38:209 SAC_Servidor/(13134:13134): Recibimos un cliente

[INFO] 12:31:38:213 SAC_Servidor/(13134:13524): Recibimos una conexion

[INFO] 12:31:38:217 SAC_Servidor/(13134:13524): Terminamos el request

[INFO] 12:31:38:218 SAC_Servidor/(13134:13524): Se desconecto el cliente

[INFO] 12:31:38:264 SAC_Servidor/(13134:13134): Recibimos un cliente

[INFO] 12:31:38:268 SAC_Servidor/(13134:13529): Recibimos una conexion

[INFO] 12:31:38:270 SAC_Servidor/(13134:13529): Terminamos el request

[INFO] 12:31:38:271 SAC_Servidor/(13134:13529): Se desconecto el cliente

[INFO] 12:31:44:85 SAC_Servidor/(13134:13134): Recibimos un cliente

[INFO] 12:31:44:89 SAC_Servidor/(13134:13532): Recibimos una conexion

[INFO] 12:31:44:91 SAC_Servidor/(13134:13134): Recibimos un cliente

[INFO] 12:31:44:92 SAC_Servidor/(13134:13532): Terminamos el request

[INFO] 12:31:44:93 SAC_Servidor/(13134:13532): Se desconecto el cliente

[INFO] 12:31:44:95 SAC_Servidor/(13134:13534): Recibimos una conexion

[INFO] 12:31:44:97 SAC_Servidor/(13134:13134): Recibimos un cliente

[INFO] 12:31:44:105 SAC_Servidor/(13134:13534): Terminamos el request

[INFO] 12:31:44:105 SAC_Servidor/(13134:13534): Se desconecto el cliente

[INFO] 12:31:44:107 SAC_Servidor/(13134:13536): Recibimos una conexion

[INFO] 12:31:44:126 SAC_Servidor/(13134:13536): Terminamos el request

[INFO] 12:31:44:127 SAC_Servidor/(13134:13536): Se desconecto el cliente

[INFO] 12:31:44:134 SAC_Servidor/(13134:13134): Recibimos un cliente

[INFO] 12:31:44:136 SAC_Servidor/(13134:13537): Recibimos una conexion

[INFO] 12:31:44:138 SAC_Servidor/(13134:13537): Terminamos el request

[INFO] 12:31:44:140 SAC_Servidor/(13134:13537): Se desconecto el cliente

[INFO] 12:31:44:155 SAC_Servidor/(13134:13134): Recibimos un cliente

[INFO] 12:31:44:176 SAC_Servidor/(13134:13541): Recibimos una conexion

[INFO] 12:31:44:177 SAC_Servidor/(13134:13541): Terminamos el request

[INFO] 12:31:44:177 SAC_Servidor/(13134:13541): Se desconecto el cliente

[INFO] 12:31:45:535 SAC_Servidor/(13134:13134): Recibimos un cliente

[INFO] 12:31:45:540 SAC_Servidor/(13134:13543): Recibimos una conexion

[INFO] 12:31:45:541 SAC_Servidor/(13134:13134): Recibimos un cliente

[INFO] 12:31:45:542 SAC_Servidor/(13134:13543): Terminamos el request

[INFO] 12:31:45:542 SAC_Servidor/(13134:13543): Se desconecto el cliente

[INFO] 12:31:45:545 SAC_Servidor/(13134:13544): Recibimos una conexion

[INFO] 12:31:45:559 SAC_Servidor/(13134:13544): Terminamos el request

[INFO] 12:31:45:560 SAC_Servidor/(13134:13544): Se desconecto el cliente

[INFO] 12:31:45:578 SAC_Servidor/(13134:13134): Recibimos un cliente

[INFO] 12:31:45:581 SAC_Servidor/(13134:13545): Recibimos una conexion

[INFO] 12:31:45:583 SAC_Servidor/(13134:13545): Terminamos el request

[INFO] 12:31:45:583 SAC_Servidor/(13134:13545): Se desconecto el cliente

[INFO] 12:31:45:616 SAC_Servidor/(13134:13134): Recibimos un cliente

[INFO] 12:31:45:622 SAC_Servidor/(13134:13549): Recibimos una conexion

[INFO] 12:31:45:624 SAC_Servidor/(13134:13549): Terminamos el request

[INFO] 12:31:45:624 SAC_Servidor/(13134:13549): Se desconecto el cliente

